                        .module led.c
                        .area text(rom, con, rel)
 0000                   .dbfile C:\Users\user\Desktop\hidden-catch\utils\led.c
                        .area text(rom, con, rel)
 0000                   .dbfile C:\Users\user\Desktop\hidden-catch\utils\led.c
 0000                   .dbfunc e LED_correct _LED_correct#Fvv fV 3
                        .even
 0000           _LED_correct#Fvv::
 0000                   .dbblock 3
 0000                   .dbline 4
 0000 2224              clr R2
 0002 28BA              out 0x18,R2
 0004                   .dbline 4
 0004 0AEF              ldi R16,250
 0006 10E0              ldi R17,0
 0008 0E940000          xcall _delay_ms#Fvj
 000C                   .dbline 5
 000C 8FEF              ldi R24,255
 000E 88BB              out 0x18,R24
 0010                   .dbline 5
 0010 0AEF              ldi R16,250
 0012 10E0              ldi R17,0
 0014 0E940000          xcall _delay_ms#Fvj
 0018                   .dbline 6
 0018 2224              clr R2
 001A 28BA              out 0x18,R2
 001C                   .dbline 6
 001C 0AEF              ldi R16,250
 001E 10E0              ldi R17,0
 0020 0E940000          xcall _delay_ms#Fvj
 0024                   .dbline 7
 0024 8FEF              ldi R24,255
 0026 88BB              out 0x18,R24
 0028                   .dbline 7
 0028 0AEF              ldi R16,250
 002A 10E0              ldi R17,0
 002C                   .dbblkend 8
 002C           L1:
 002C 0C940000          xjmp _delay_ms#Fvj
 0030                   .dbfuncend
 0030                   .dbstacksize -2
