                        .module timer.c
                        .area text(rom, con, rel)
 0000                   .dbfile C:\Users\user\Desktop\hidden-catch\utils\timer.c
                        .area vector(rom, abs)
                        .org 36
 0024 0C940000          jmp _timer2_comp_isr
                        .area text(rom, con, rel)
 0000                   .dbfile C:\Users\user\Desktop\hidden-catch\utils\timer.c
                        .area data(ram, con, rel)
 0000                   .dbfile C:\Users\user\Desktop\hidden-catch\utils\timer.c
 0000           _tmp#m::
 0000                   .blkb 4
                        .area idata(rom)
 0000 00000000          .word 0,0
                        .area data(ram, con, rel)
 0004                   .dbfile C:\Users\user\Desktop\hidden-catch\utils\timer.c
 0004                   .dbsym e tmp _tmp#m l
 0004           _n#m::
 0004                   .blkb 4
                        .area idata(rom)
 0004 00000000          .word 0,0
                        .area data(ram, con, rel)
 0008                   .dbfile C:\Users\user\Desktop\hidden-catch\utils\timer.c
 0008                   .dbsym e n _n#m l
                        .area text(rom, con, rel)
 0000                   .dbfile C:\Users\user\Desktop\hidden-catch\utils\timer.c
 0000                   .dbfunc e Init_Timer2 _Init_Timer2#Fvv fV 3
                        .even
 0000           _Init_Timer2#Fvv::
 0000                   .dbblock 3
 0000                   .dbline 4
 0000 8CE0              ldi R24,12
 0002 85BD              out 0x25,R24
 0004                   .dbline 5
 0004 89EF              ldi R24,249
 0006 83BD              out 0x23,R24
 0008                   .dbline 6
 0008 87B7              in R24,0x37
 000A 8068              ori R24,128
 000C 87BF              out 0x37,R24
 000E                   .dbblkend 7
 000E           L1:
 000E 0895              ret
 0010                   .dbfuncend
 0010                   .dbstacksize -2
 0010                   .dbfunc e timer2_comp_isr _timer2_comp_isr#Fvv fV 13
                        .even
 0010           _timer2_comp_isr#Fvv::
 0010           	.nocc_start
 0010 2A92              st -y,R2
 0012 3A92              st -y,R3
 0014 4A92              st -y,R4
 0016 5A92              st -y,R5
 0018 8A93              st -y,R24
 001A 9A93              st -y,R25
 001C AA93              st -y,R26
 001E BA93              st -y,R27
 0020 2FB6              IN R2,63
 0022 2A92              st -y,R2
 0024                   .dbblock 13
 0024                   .dbline 14
 0024 81E0              ldi R24,1
 0026 90E0              ldi R25,0
 0028 A0E0              ldi R26,0
 002A B0E0              ldi R27,0
 002C 40900200          lds R4,_tmp#m+2
 0030 50900300          lds R5,_tmp#m+2+1
 0034 20900000          lds R2,_tmp#m
 0038 30900100          lds R3,_tmp#m+1
 003C 280E              add R2,R24
 003E 391E              adc R3,R25
 0040 4A1E              adc R4,R26
 0042 5B1E              adc R5,R27
 0044 30920100          sts _tmp#m+1,R3
 0048 20920000          sts _tmp#m,R2
 004C 50920300          sts _tmp#m+2+1,R5
 0050 40920200          sts _tmp#m+2,R4
 0054                   .dbblkend 15
 0054           L2:
 0054 2990              ld R2,y+
 0056 2FBE              OUT 63,R2
 0058 B991              ld R27,y+
 005A A991              ld R26,y+
 005C 9991              ld R25,y+
 005E 8991              ld R24,y+
 0060 5990              ld R5,y+
 0062 4990              ld R4,y+
 0064 3990              ld R3,y+
 0066 2990              ld R2,y+
 0068           	.nocc_end
 0068 1895              reti
 006A                   .dbfuncend
 006A                   .dbstacksize 7
 006A                   .dbfunc e second_counter _second_counter#Fvv fV 17
                        .even
 006A           _second_counter#Fvv::
 006A                   .dbblock 17
 006A                   .dbline 18
 006A 8AEF              ldi R24,250
 006C 90E0              ldi R25,0
 006E A0E0              ldi R26,0
 0070 B0E0              ldi R27,0
 0072 40900200          lds R4,_tmp#m+2
 0076 50900300          lds R5,_tmp#m+2+1
 007A 20900000          lds R2,_tmp#m
 007E 30900100          lds R3,_tmp#m+1
 0082 2816              cp R2,R24
 0084 3906              cpc R3,R25
 0086 4A06              cpc R4,R26
 0088 5B06              cpc R5,R27
 008A 08F1              brlo L4
 008C           X0:
 008C                   .dbline 19
 008C 81E0              ldi R24,1
 008E 90E0              ldi R25,0
 0090 A0E0              ldi R26,0
 0092 B0E0              ldi R27,0
 0094 40900600          lds R4,_n#m+2
 0098 50900700          lds R5,_n#m+2+1
 009C 20900400          lds R2,_n#m
 00A0 30900500          lds R3,_n#m+1
 00A4 280E              add R2,R24
 00A6 391E              adc R3,R25
 00A8 4A1E              adc R4,R26
 00AA 5B1E              adc R5,R27
 00AC 30920500          sts _n#m+1,R3
 00B0 20920400          sts _n#m,R2
 00B4 50920700          sts _n#m+2+1,R5
 00B8 40920600          sts _n#m+2,R4
 00BC                   .dbline 20
 00BC 80E0              ldi R24,0
 00BE 80930000          sts _tmp#m+0,R24
 00C2 80930100          sts _tmp#m+1,R24
 00C6 80930200          sts _tmp#m+2,R24
 00CA 80930300          sts _tmp#m+3,R24
 00CE           L4:
 00CE                   .dbblkend 22
 00CE           L3:
 00CE 0895              ret
 00D0                   .dbfuncend
 00D0                   .dbstacksize -2
 00D0                   .dbfunc e get_random _get_random#Fhh fc 24
 00D0           ;            max -> R10
                        .even
 00D0           _get_random#Fhh::
 00D0 AA92              st -y,R10
 00D2 A02E              mov R10,R16
 00D4                   .dbblock 24
 00D4                   .dbline 24
 00D4 2A2C              mov R2,R10
 00D6 3324              clr R3
 00D8 4424              clr R4
 00DA 5524              clr R5
 00DC 20910600          lds R18,_n#m+2
 00E0 30910700          lds R19,_n#m+2+1
 00E4 00910400          lds R16,_n#m
 00E8 10910500          lds R17,_n#m+1
 00EC 5A92              st -y,R5
 00EE 4A92              st -y,R4
 00F0 3A92              st -y,R3
 00F2 2A92              st -y,R2
 00F4 0E940000          xcall mod32u
 00F8                   .dbblkend 24
 00F8           L6:
 00F8 A990              ld R10,y+
 00FA 0895              ret
 00FC                   .dbfuncend
 00FC                   .dbsym r max 10 c
 00FC                   .dbstacksize -3
