                        .module usart.c
                        .area text(rom, con, rel)
 0000                   .dbfile C:\Users\user\Desktop\hidden-catch\utils\usart.c
                        .area data(ram, con, rel)
 0000                   .dbfile C:\Users\user\Desktop\hidden-catch\utils\usart.c
 0000           _txdata#h::
 0000                   .blkb 1
                        .area idata(rom)
 0000 00                .byte 0
                        .area data(ram, con, rel)
 0001                   .dbfile C:\Users\user\Desktop\hidden-catch\utils\usart.c
 0001                   .dbsym e txdata _txdata#h c
 0001           _rxdata#h::
 0001                   .blkb 1
                        .area idata(rom)
 0001 00                .byte 0
                        .area data(ram, con, rel)
 0002                   .dbfile C:\Users\user\Desktop\hidden-catch\utils\usart.c
 0002                   .dbsym e rxdata _rxdata#h c
                        .area vector(rom, abs)
                        .org 76
 004C 0C940000          jmp _usart0_transmit
                        .area data(ram, con, rel)
 0002                   .dbfile C:\Users\user\Desktop\hidden-catch\utils\usart.c
                        .area vector(rom, abs)
                        .org 72
 0048 0C940000          jmp _usart0_receive
                        .area data(ram, con, rel)
 0002                   .dbfile C:\Users\user\Desktop\hidden-catch\utils\usart.c
                        .area text(rom, con, rel)
 0000                   .dbfile C:\Users\user\Desktop\hidden-catch\utils\usart.c
 0000                   .dbfunc e usart0_transmit _usart0_transmit#Fvv fV 7
                        .even
 0000           _usart0_transmit#Fvv::
 0000           	.nocc_start
 0000 2A92              st -y,R2
 0002 2FB6              IN R2,63
 0004 2A92              st -y,R2
 0006                   .dbblock 7
 0006                   .dbline 7
 0006 20900000          lds R2,_txdata#h
 000A 2CB8              out 0xc,R2
 000C                   .dbblkend 7
 000C           L1:
 000C 2990              ld R2,y+
 000E 2FBE              OUT 63,R2
 0010 2990              ld R2,y+
 0012           	.nocc_end
 0012 1895              reti
 0014                   .dbfuncend
 0014                   .dbstacksize 0
 0014                   .dbfunc e usart0_receive _usart0_receive#Fvv fV 10
                        .even
 0014           _usart0_receive#Fvv::
 0014           	.nocc_start
 0014 2A92              st -y,R2
 0016 2FB6              IN R2,63
 0018 2A92              st -y,R2
 001A                   .dbblock 10
 001A                   .dbline 10
 001A 2CB0              in R2,0xc
 001C 20920100          sts _rxdata#h,R2
 0020                   .dbblkend 10
 0020           L2:
 0020 2990              ld R2,y+
 0022 2FBE              OUT 63,R2
 0024 2990              ld R2,y+
 0026           	.nocc_end
 0026 1895              reti
 0028                   .dbfuncend
 0028                   .dbstacksize 0
 0028                   .dbfunc e Init_USART0 _Init_USART0#Fvv fV 12
                        .even
 0028           _Init_USART0#Fvv::
 0028                   .dbblock 12
 0028                   .dbline 13
 0028 5998              cbi 0xb,1
 002A                   .dbline 15
 002A 88EB              ldi R24,184
 002C 8AB9              out 0xa,R24
 002E                   .dbline 17
 002E 86E2              ldi R24,38
 0030 80939500          sts 149,R24
 0034                   .dbline 20
 0034 2224              clr R2
 0036 20929000          sts 144,R2
 003A                   .dbline 21
 003A 87E6              ldi R24,103
 003C 89B9              out 0x9,R24
 003E                   .dbline 23
 003E 7894              bset 7
 0040                   .dbblkend 24
 0040           L3:
 0040 0895              ret
 0042                   .dbfuncend
 0042                   .dbstacksize -2
