                        .module main.c
                        .area text(rom, con, rel)
 0000                   .dbfile C:\Users\user\Desktop\hidden-catch\main.c
                        .area data(ram, con, rel)
 0000                   .dbfile C:\Users\user\Desktop\hidden-catch\main.c
 0000           _score#j::
 0000                   .blkb 2
                        .area idata(rom)
 0000 0000              .word 0
                        .area data(ram, con, rel)
 0002                   .dbfile C:\Users\user\Desktop\hidden-catch\main.c
 0002                   .dbsym e score _score#j i
 0002           _start_flag#i::
 0002                   .blkb 2
                        .area idata(rom)
 0002 0000              .word 0
                        .area data(ram, con, rel)
 0004                   .dbfile C:\Users\user\Desktop\hidden-catch\main.c
 0004                   .dbsym e start_flag _start_flag#i I
 0004           _q1_flag#i::
 0004                   .blkb 2
                        .area idata(rom)
 0004 0000              .word 0
                        .area data(ram, con, rel)
 0006                   .dbfile C:\Users\user\Desktop\hidden-catch\main.c
 0006                   .dbsym e q1_flag _q1_flag#i I
 0006           _q2_flag#i::
 0006                   .blkb 2
                        .area idata(rom)
 0006 0000              .word 0
                        .area data(ram, con, rel)
 0008                   .dbfile C:\Users\user\Desktop\hidden-catch\main.c
 0008                   .dbsym e q2_flag _q2_flag#i I
                        .area text(rom, con, rel)
 0000                   .dbfile C:\Users\user\Desktop\hidden-catch\main.c
 0000                   .dbfunc e Interrupt_init _Interrupt_init#Fvv fV 16
                        .even
 0000           _Interrupt_init#Fvv::
 0000                   .dbblock 16
 0000                   .dbline 17
 0000 89B7              in R24,0x39
 0002 8160              ori R24,1
 0004 89BF              out 0x39,R24
 0006                   .dbline 18
 0006 80916A00          lds R24,106
 000A 8A6A              ori R24,170
 000C 80936A00          sts 106,R24
 0010                   .dbline 20
 0010 8AB7              in R24,0x3a
 0012 8A6A              ori R24,170
 0014 8ABF              out 0x3a,R24
 0016                   .dbline 22
 0016 7894              bset 7
 0018                   .dbblkend 23
 0018           L1:
 0018 0895              ret
 001A                   .dbfuncend
 001A                   .dbstacksize -2
 001A                   .dbfunc e LCD_game_start _LCD_game_start#Fvv fV 25
                        .even
 001A           _LCD_game_start#Fvv::
 001A                   .dbblock 25
 001A                   .dbline 26
 001A 20900200          lds R2,_start_flag#i
 001E 30900300          lds R3,_start_flag#i+1
 0022 2220              tst R2
 0024 19F4              brne X0
 0026 3320              tst R3
 0028 09F4              brne X1
 002A 44C0              xjmp L3
 002C           X1:
 002C           X0:
 002C                   .dbline 27
 002C 0E940000          xcall _Cursor_Home#Fvv
 0030                   .dbline 28
 0030 00E0              ldi R16,<_5#A15_c
 0032 10E0              ldi R17,>_5#A15_c
 0034 0E940000          xcall _LCD_STR#FvPh
 0038                   .dbline 29
 0038 2FE0              ldi R18,15
 003A 0027              clr R16
 003C 0E940000          xcall _LCD_pos#Fvhh
 0040                   .dbline 30
 0040 00E0              ldi R16,<_6#A2_c
 0042 10E0              ldi R17,>_6#A2_c
 0044 0E940000          xcall _LCD_STR#FvPh
 0048                   .dbline 31
 0048 08EE              ldi R16,1000
 004A 13E0              ldi R17,3
 004C 0E940000          xcall _delay_ms#Fvj
 0050                   .dbline 33
 0050 2FE0              ldi R18,15
 0052 0027              clr R16
 0054 0E940000          xcall _LCD_pos#Fvhh
 0058                   .dbline 34
 0058 00E0              ldi R16,<_7#A2_c
 005A 10E0              ldi R17,>_7#A2_c
 005C 0E940000          xcall _LCD_STR#FvPh
 0060                   .dbline 35
 0060 08EE              ldi R16,1000
 0062 13E0              ldi R17,3
 0064 0E940000          xcall _delay_ms#Fvj
 0068                   .dbline 37
 0068 2FE0              ldi R18,15
 006A 0027              clr R16
 006C 0E940000          xcall _LCD_pos#Fvhh
 0070                   .dbline 38
 0070 00E0              ldi R16,<_8#A2_c
 0072 10E0              ldi R17,>_8#A2_c
 0074 0E940000          xcall _LCD_STR#FvPh
 0078                   .dbline 39
 0078 08EE              ldi R16,1000
 007A 13E0              ldi R17,3
 007C 0E940000          xcall _delay_ms#Fvj
 0080                   .dbline 41
 0080 0E940000          xcall _LCD_Clear#Fvv
 0084                   .dbline 42
 0084 0E940000          xcall _Cursor_Home#Fvv
 0088                   .dbline 43
 0088 00E0              ldi R16,<_9#A6_c
 008A 10E0              ldi R17,>_9#A6_c
 008C 0E940000          xcall _LCD_STR#FvPh
 0090                   .dbline 44
 0090 00E2              ldi R16,800
 0092 13E0              ldi R17,3
 0094 0E940000          xcall _delay_ms#Fvj
 0098                   .dbline 46
 0098 0E940000          xcall _LCD_Clear#Fvv
 009C                   .dbline 47
 009C 2224              clr R2
 009E 3324              clr R3
 00A0 30920300          sts _start_flag#i+1,R3
 00A4 20920200          sts _start_flag#i,R2
 00A8                   .dbline 48
 00A8 81E0              ldi R24,1
 00AA 90E0              ldi R25,0
 00AC 90930500          sts _q1_flag#i+1,R25
 00B0 80930400          sts _q1_flag#i,R24
 00B4           L3:
 00B4                   .dbblkend 50
 00B4           L2:
 00B4 0895              ret
 00B6                   .dbfuncend
 00B6                   .dbstacksize -2
 00B6                   .dbfunc e Quiz_1 _Quiz_1#Fvv fV 52
 00B6           ;              D -> R14
 00B6           ;     cursor_col -> R22
 00B6           ;     cursor_row -> R20
 00B6           ;     answer_col -> R12
 00B6           ;     answer_row -> y+0
                        .even
 00B6           _Quiz_1#Fvv::
 00B6 0E940000          xcall push_xgsetF0FC
 00BA 2197              sbiw R28,1
 00BC                   .dbblock 52
 00BC                   .dbline 53
 00BC 0E940000          xcall _Cursor_Home#Fvv
 00C0                   .dbline 55
 00C0 00E0              ldi R16,<_11#A17_c
 00C2 10E0              ldi R17,>_11#A17_c
 00C4 0E940000          xcall _LCD_STR#FvPh
 00C8                   .dbline 56
 00C8 2227              clr R18
 00CA 01E0              ldi R16,1
 00CC 0E940000          xcall _LCD_pos#Fvhh
 00D0                   .dbline 57
 00D0 00E0              ldi R16,<_11#A17_c
 00D2 10E0              ldi R17,>_11#A17_c
 00D4 0E940000          xcall _LCD_STR#FvPh
 00D8                   .dbblock 60
 00D8                   .dbline 60
 00D8 02E0              ldi R16,2
 00DA 10E0              ldi R17,0
 00DC 0E940000          xcall _get_random#Fii
 00E0 0883              std y+0,R16
 00E2                   .dbline 61
 00E2 00E1              ldi R16,16
 00E4 10E0              ldi R17,0
 00E6 0E940000          xcall _get_random#Fii
 00EA C02E              mov R12,R16
 00EC                   .dbline 63
 00EC 2C2D              mov R18,R12
 00EE 0881              ldd R16,y+0
 00F0 0E940000          xcall _LCD_pos#Fvhh
 00F4                   .dbline 64
 00F4 00E0              ldi R16,<_12#A2_c
 00F6 10E0              ldi R17,>_12#A2_c
 00F8 0E940000          xcall _LCD_STR#FvPh
 00FC                   .dbline 66
 00FC 0EE0              ldi R16,14
 00FE 0E940000          xcall _LCD_Comm#Fvh
 0102                   .dbline 67
 0102 0E940000          xcall _Cursor_Home#Fvv
 0106                   .dbblock 69
 0106                   .dbline 69
 0106 4427              clr R20
 0108                   .dbline 69
 0108 6627              clr R22
 010A 62C0              xjmp L14
 010C           L13:
 010C                   .dbline 71
 010C 80B3              in R24,0x10
 010E 8F7F              andi R24,255
 0110 E82E              mov R14,R24
 0112                   .dbline 72
 0112 A82E              mov R10,R24
 0114 8F3B              cpi R24,191
 0116 C9F0              breq L25
 0118           X2:
 0118 8FEB              ldi R24,191
 011A 8E15              cp R24,R14
 011C 20F0              brlo L32
 011E           X3:
 011E           L31:
 011E 8A2D              mov R24,R10
 0120 8F37              cpi R24,127
 0122 C1F0              breq L28
 0124           X4:
 0124 1AC0              xjmp L16
 0126           L32:
 0126 8A2D              mov R24,R10
 0128 8F3D              cpi R24,223
 012A 59F0              breq L22
 012C           X5:
 012C 8F3D              cpi R24,223
 012E A8F0              brlo L16
 0130           X6:
 0130           L33:
 0130 8A2D              mov R24,R10
 0132 8F3E              cpi R24,239
 0134 09F0              breq L19
 0136           X7:
 0136 11C0              xjmp L16
 0138           L19:
 0138                   .dbline 73
 0138 2224              clr R2
 013A 2416              cp R2,R20
 013C 70F4              brsh L17
 013E           X8:
 013E                   .dbline 73
 013E 4A95              dec R20
 0140                   .dbline 73
 0140 0CC0              xjmp L17
 0142           L22:
 0142                   .dbline 74
 0142 4130              cpi R20,1
 0144 50F4              brsh L17
 0146           X9:
 0146                   .dbline 74
 0146 4395              inc R20
 0148                   .dbline 74
 0148 08C0              xjmp L17
 014A           L25:
 014A                   .dbline 75
 014A 2224              clr R2
 014C 2616              cp R2,R22
 014E 28F4              brsh L17
 0150           X10:
 0150                   .dbline 75
 0150 6A95              dec R22
 0152                   .dbline 75
 0152 03C0              xjmp L17
 0154           L28:
 0154                   .dbline 76
 0154 6F30              cpi R22,15
 0156 08F4              brsh L17
 0158           X11:
 0158                   .dbline 76
 0158 6395              inc R22
 015A           L16:
 015A           L17:
 015A                   .dbline 79
 015A 262F              mov R18,R22
 015C 042F              mov R16,R20
 015E 0E940000          xcall _LCD_pos#Fvhh
 0162                   .dbline 81
 0162 8E2D              mov R24,R14
 0164 8D3F              cpi R24,253
 0166 81F5              brne L34
 0168           X12:
 0168                   .dbline 82
 0168 0880              ldd R0,y+0
 016A 4015              cp R20,R0
 016C F1F4              brne L36
 016E           X13:
 016E 6C15              cp R22,R12
 0170 E1F4              brne L36
 0172           X14:
 0172                   .dbline 84
 0172 2224              clr R2
 0174 3324              clr R3
 0176 30920500          sts _q1_flag#i+1,R3
 017A 20920400          sts _q1_flag#i,R2
 017E                   .dbline 84
 017E 80910000          lds R24,_score#j
 0182 90910100          lds R25,_score#j+1
 0186 0196              adiw R24,1
 0188 90930100          sts _score#j+1,R25
 018C 80930000          sts _score#j,R24
 0190                   .dbline 85
 0190 0E940000          xcall _LCD_Clear#Fvv
 0194                   .dbline 85
 0194 0E940000          xcall _Cursor_Home#Fvv
 0198                   .dbline 85
 0198 00E0              ldi R16,<_38#A9_c
 019A 10E0              ldi R17,>_38#A9_c
 019C 0E940000          xcall _LCD_STR#FvPh
 01A0                   .dbline 86
 01A0 0E940000          xcall _LED_correct#Fvv
 01A4                   .dbline 86
 01A4 0E940000          xcall _LCD_Clear#Fvv
 01A8                   .dbline 87
 01A8 1CC0              xjmp L15
 01AA           L36:
 01AA                   .dbline 91
 01AA 0E940000          xcall _LCD_Clear#Fvv
 01AE                   .dbline 91
 01AE 0E940000          xcall _Cursor_Home#Fvv
 01B2                   .dbline 91
 01B2 00E0              ldi R16,<_39#A7_c
 01B4 10E0              ldi R17,>_39#A7_c
 01B6 0E940000          xcall _LCD_STR#FvPh
 01BA                   .dbline 92
 01BA 08EE              ldi R16,1000
 01BC 13E0              ldi R17,3
 01BE 0E940000          xcall _delay_ms#Fvj
 01C2                   .dbline 92
 01C2 0E940000          xcall _LCD_Clear#Fvv
 01C6                   .dbline 92
 01C6 77DF              xcall _Quiz_1#Fvv
 01C8           L34:
 01C8                   .dbline 96
 01C8 04E6              ldi R16,100
 01CA 10E0              ldi R17,0
 01CC 0E940000          xcall _delay_ms#Fvj
 01D0           L14:
 01D0                   .dbline 70
 01D0 80910400          lds R24,_q1_flag#i
 01D4 90910500          lds R25,_q1_flag#i+1
 01D8 8130              cpi R24,1
 01DA E0E0              ldi R30,0
 01DC 9E07              cpc R25,R30
 01DE 09F4              brne X16
 01E0 95CF              xjmp L13
 01E2           X16:
 01E2           X15:
 01E2           L15:
 01E2                   .dbline 100
 01E2 0CE0              ldi R16,12
 01E4 0E940000          xcall _LCD_Comm#Fvh
 01E8                   .dbline 101
 01E8 0E940000          xcall _Cursor_Home#Fvv
 01EC                   .dbblkend 102
 01EC                   .dbblkend 102
 01EC                   .dbblkend 102
 01EC           L10:
 01EC 2196              adiw R28,1
 01EE 0C940000          xjmp pop_xgsetF0FC
 01F2 0895              ret
 01F4                   .dbfuncend
 01F4                   .dbsym r D 14 c
 01F4                   .dbsym r cursor_col 22 c
 01F4                   .dbsym r cursor_row 20 c
 01F4                   .dbsym r answer_col 12 c
 01F4                   .dbsym l answer_row 0 c
 01F4                   .dbstacksize 9
 01F4                   .dbfunc e Quiz_2 _Quiz_2#Fvv fV 104
                        .even
 01F4           _Quiz_2#Fvv::
 01F4                   .dbblock 104
 01F4                   .dbblkend 108
 01F4           L40:
 01F4 0C940000          xjmp _Cursor_Home#Fvv
 01F8                   .dbfuncend
 01F8                   .dbstacksize -2
 01F8                   .dbfunc e main _main#Fvv fV 110
                        .even
 01F8           _main#Fvv::
 01F8                   .dbblock 110
 01F8                   .dbline 111
 01F8 8FEF              ldi R24,255
 01FA 87BB              out 0x17,R24
 01FC                   .dbline 112
 01FC 88BB              out 0x18,R24
 01FE                   .dbline 114
 01FE 81BB              out 0x11,R24
 0200                   .dbline 115
 0200 82BB              out 0x12,R24
 0202                   .dbline 116
 0202 80B5              in R24,0x20
 0204 8460              ori R24,4
 0206 80BD              out 0x20,R24
 0208                   .dbline 118
 0208 FBDE              xcall _Interrupt_init#Fvv
 020A                   .dbline 119
 020A 0E940000          xcall _PortInit#Fvv
 020E                   .dbline 120
 020E 0E940000          xcall _LCD_Init#Fvv
 0212                   .dbline 122
 0212 0E940000          xcall _CGRAM_set_menu#Fvv
 0216                   .dbline 123
 0216 0E940000          xcall _Cursor_Home#Fvv
 021A                   .dbline 124
 021A 0E940000          xcall _LCD_menu#Fvv
 021E                   .dbline 125
 021E 0AE0              ldi R16,10
 0220 10E0              ldi R17,0
 0222 0E940000          xcall _delay_ms#Fvj
 0226 2DC0              xjmp L43
 0228           L42:
 0228                   .dbline 128
 0228 80B3              in R24,0x10
 022A 8F7F              andi R24,255
 022C 8F37              cpi R24,127
 022E 39F4              brne L45
 0230           X17:
 0230                   .dbline 130
 0230 81E0              ldi R24,1
 0232 90E0              ldi R25,0
 0234 90930300          sts _start_flag#i+1,R25
 0238 80930200          sts _start_flag#i,R24
 023C                   .dbline 131
 023C EEDE              xcall _LCD_game_start#Fvv
 023E           L45:
 023E                   .dbline 133
 023E 20900200          lds R2,_start_flag#i
 0242 30900300          lds R3,_start_flag#i+1
 0246 2220              tst R2
 0248 59F4              brne L47
 024A 3320              tst R3
 024C 49F4              brne L47
 024E           X18:
 024E 80910400          lds R24,_q1_flag#i
 0252 90910500          lds R25,_q1_flag#i+1
 0256 8130              cpi R24,1
 0258 E0E0              ldi R30,0
 025A 9E07              cpc R25,R30
 025C 09F4              brne L47
 025E           X19:
 025E                   .dbline 134
 025E 2BDF              xcall _Quiz_1#Fvv
 0260           L47:
 0260                   .dbline 135
 0260 20900200          lds R2,_start_flag#i
 0264 30900300          lds R3,_start_flag#i+1
 0268 2220              tst R2
 026A 59F4              brne L49
 026C 3320              tst R3
 026E 49F4              brne L49
 0270           X20:
 0270 80910600          lds R24,_q2_flag#i
 0274 90910700          lds R25,_q2_flag#i+1
 0278 8130              cpi R24,1
 027A E0E0              ldi R30,0
 027C 9E07              cpc R25,R30
 027E 09F4              brne L49
 0280           X21:
 0280                   .dbline 136
 0280 B9DF              xcall _Quiz_2#Fvv
 0282           L49:
 0282           L43:
 0282                   .dbline 127
 0282 D2CF              xjmp L42
 0284           X22:
 0284                   .dbblkend 139
 0284           L41:
 0284 0895              ret
 0286                   .dbfuncend
 0286                   .dbstacksize -2
                        .area data(ram, con, rel)
 0008                   .dbfile C:\Users\user\Desktop\hidden-catch\main.c
 0008           _39#A7_c:
 0008                   .blkb 7
                        .area idata(rom)
 0008 57726F6E672100    .byte 'W,'r,'o,'n,'g,33,0
                        .area data(ram, con, rel)
 000F                   .dbfile C:\Users\user\Desktop\hidden-catch\main.c
 000F           _38#A9_c:
 000F                   .blkb 9
                        .area idata(rom)
 000F 436F72726563742100        .byte 'C,'o,'r,'r,'e,'c,'t,33,0
                        .area data(ram, con, rel)
 0018                   .dbfile C:\Users\user\Desktop\hidden-catch\main.c
 0018           _12#A2_c:
 0018                   .blkb 2
                        .area idata(rom)
 0018 4200              .byte 'B,0
                        .area data(ram, con, rel)
 001A                   .dbfile C:\Users\user\Desktop\hidden-catch\main.c
 001A           _11#A17_c:
 001A                   .blkb 17
                        .area idata(rom)
 001A 41414141414141414141414141414141  .byte 'A,'A,'A,'A,'A,'A,'A,'A,'A,'A,'A,'A,'A,'A,'A,'A
 002A 00                .byte 0
                        .area data(ram, con, rel)
 002B                   .dbfile C:\Users\user\Desktop\hidden-catch\main.c
 002B           _9#A6_c:
 002B                   .blkb 6
                        .area idata(rom)
 002B 474F21212100      .byte 'G,'O,33,33,33,0
                        .area data(ram, con, rel)
 0031                   .dbfile C:\Users\user\Desktop\hidden-catch\main.c
 0031           _8#A2_c:
 0031                   .blkb 2
                        .area idata(rom)
 0031 3100              .byte 49,0
                        .area data(ram, con, rel)
 0033                   .dbfile C:\Users\user\Desktop\hidden-catch\main.c
 0033           _7#A2_c:
 0033                   .blkb 2
                        .area idata(rom)
 0033 3200              .byte 50,0
                        .area data(ram, con, rel)
 0035                   .dbfile C:\Users\user\Desktop\hidden-catch\main.c
 0035           _6#A2_c:
 0035                   .blkb 2
                        .area idata(rom)
 0035 3300              .byte 51,0
                        .area data(ram, con, rel)
 0037                   .dbfile C:\Users\user\Desktop\hidden-catch\main.c
 0037           _5#A15_c:
 0037                   .blkb 15
                        .area idata(rom)
 0037 5374617274696E6720696E2E2E2E00    .byte 'S,'t,'a,'r,'t,'i,'n,'g,32,'i,'n,46,46,46,0
                        .area data(ram, con, rel)
 0046                   .dbfile C:\Users\user\Desktop\hidden-catch\main.c
