                        .module utils.c
                        .area text(rom, con, rel)
 0000                   .dbfile C:\Users\user\Desktop\hidden-catch\utils.c
                        .area data(ram, con, rel)
 0000                   .dbfile C:\Users\user\Desktop\hidden-catch\utils.c
 0000           _txdata#h::
 0000                   .blkb 1
                        .area idata(rom)
 0000 00                .byte 0
                        .area data(ram, con, rel)
 0001                   .dbfile C:\Users\user\Desktop\hidden-catch\utils.c
 0001                   .dbsym e txdata _txdata#h c
 0001           _rxdata#h::
 0001                   .blkb 1
                        .area idata(rom)
 0001 00                .byte 0
                        .area data(ram, con, rel)
 0002                   .dbfile C:\Users\user\Desktop\hidden-catch\utils.c
 0002                   .dbsym e rxdata _rxdata#h c
                        .area vector(rom, abs)
                        .org 76
 004C 0C940000          jmp _usart0_transmit
                        .area data(ram, con, rel)
 0002                   .dbfile C:\Users\user\Desktop\hidden-catch\utils.c
                        .area vector(rom, abs)
                        .org 72
 0048 0C940000          jmp _usart0_receive
                        .area data(ram, con, rel)
 0002                   .dbfile C:\Users\user\Desktop\hidden-catch\utils.c
                        .area vector(rom, abs)
                        .org 36
 0024 0C940000          jmp _timer2_comp_isr
                        .area data(ram, con, rel)
 0002                   .dbfile C:\Users\user\Desktop\hidden-catch\utils.c
 0002           _random_seed#m::
 0002                   .blkb 4
                        .area idata(rom)
 0002 00000000          .word 0,0
                        .area data(ram, con, rel)
 0006                   .dbfile C:\Users\user\Desktop\hidden-catch\utils.c
 0006                   .dbsym e random_seed _random_seed#m l
 0006           _n#m::
 0006                   .blkb 4
                        .area idata(rom)
 0006 00000000          .word 0,0
                        .area data(ram, con, rel)
 000A                   .dbfile C:\Users\user\Desktop\hidden-catch\utils.c
 000A                   .dbsym e n _n#m l
                        .area text(rom, con, rel)
 0000                   .dbfile C:\Users\user\Desktop\hidden-catch\utils.c
 0000                   .dbfunc e LED_correct _LED_correct#Fvv fV 3
                        .even
 0000           _LED_correct#Fvv::
 0000                   .dbblock 3
 0000                   .dbline 4
 0000 2224              clr R2
 0002 28BA              out 0x18,R2
 0004                   .dbline 4
 0004 0AEF              ldi R16,250
 0006 10E0              ldi R17,0
 0008 0E940000          xcall _delay_ms#Fvj
 000C                   .dbline 5
 000C 8FEF              ldi R24,255
 000E 88BB              out 0x18,R24
 0010                   .dbline 5
 0010 0AEF              ldi R16,250
 0012 10E0              ldi R17,0
 0014 0E940000          xcall _delay_ms#Fvj
 0018                   .dbline 6
 0018 2224              clr R2
 001A 28BA              out 0x18,R2
 001C                   .dbline 6
 001C 0AEF              ldi R16,250
 001E 10E0              ldi R17,0
 0020 0E940000          xcall _delay_ms#Fvj
 0024                   .dbline 7
 0024 8FEF              ldi R24,255
 0026 88BB              out 0x18,R24
 0028                   .dbline 7
 0028 0AEF              ldi R16,250
 002A 10E0              ldi R17,0
 002C                   .dbblkend 8
 002C           L1:
 002C 0C940000          xjmp _delay_ms#Fvj
 0030                   .dbfuncend
 0030                   .dbstacksize -2
 0030                   .dbfunc e usart0_transmit _usart0_transmit#Fvv fV 14
                        .even
 0030           _usart0_transmit#Fvv::
 0030           	.nocc_start
 0030 2A92              st -y,R2
 0032 2FB6              IN R2,63
 0034 2A92              st -y,R2
 0036                   .dbblock 14
 0036                   .dbline 14
 0036 20900000          lds R2,_txdata#h
 003A 2CB8              out 0xc,R2
 003C                   .dbblkend 14
 003C           L2:
 003C 2990              ld R2,y+
 003E 2FBE              OUT 63,R2
 0040 2990              ld R2,y+
 0042           	.nocc_end
 0042 1895              reti
 0044                   .dbfuncend
 0044                   .dbstacksize 0
 0044                   .dbfunc e usart0_receive _usart0_receive#Fvv fV 17
                        .even
 0044           _usart0_receive#Fvv::
 0044           	.nocc_start
 0044 2A92              st -y,R2
 0046 2FB6              IN R2,63
 0048 2A92              st -y,R2
 004A                   .dbblock 17
 004A                   .dbline 17
 004A 2CB0              in R2,0xc
 004C 20920100          sts _rxdata#h,R2
 0050                   .dbblkend 17
 0050           L3:
 0050 2990              ld R2,y+
 0052 2FBE              OUT 63,R2
 0054 2990              ld R2,y+
 0056           	.nocc_end
 0056 1895              reti
 0058                   .dbfuncend
 0058                   .dbstacksize 0
 0058                   .dbfunc e Init_USART0 _Init_USART0#Fvv fV 19
                        .even
 0058           _Init_USART0#Fvv::
 0058                   .dbblock 19
 0058                   .dbline 20
 0058 5998              cbi 0xb,1
 005A                   .dbline 22
 005A 88EB              ldi R24,184
 005C 8AB9              out 0xa,R24
 005E                   .dbline 24
 005E 86E2              ldi R24,38
 0060 80939500          sts 149,R24
 0064                   .dbline 27
 0064 2224              clr R2
 0066 20929000          sts 144,R2
 006A                   .dbline 28
 006A 87E6              ldi R24,103
 006C 89B9              out 0x9,R24
 006E                   .dbline 30
 006E 7894              bset 7
 0070                   .dbblkend 31
 0070           L4:
 0070 0895              ret
 0072                   .dbfuncend
 0072                   .dbstacksize -2
 0072                   .dbfunc e Init_Timer2 _Init_Timer2#Fvv fV 33
                        .even
 0072           _Init_Timer2#Fvv::
 0072                   .dbblock 33
 0072                   .dbline 34
 0072 8EE0              ldi R24,14
 0074 85BD              out 0x25,R24
 0076                   .dbline 35
 0076 8AEF              ldi R24,250
 0078 83BD              out 0x23,R24
 007A                   .dbline 36
 007A 87B7              in R24,0x37
 007C 8068              ori R24,128
 007E 87BF              out 0x37,R24
 0080                   .dbline 37
 0080 2224              clr R2
 0082 24BC              out 0x24,R2
 0084                   .dbblkend 38
 0084           L5:
 0084 0895              ret
 0086                   .dbfuncend
 0086                   .dbstacksize -2
 0086                   .dbfunc e timer2_comp_isr _timer2_comp_isr#Fvv fV 44
                        .even
 0086           _timer2_comp_isr#Fvv::
 0086           	.nocc_start
 0086 2A92              st -y,R2
 0088 3A92              st -y,R3
 008A 4A92              st -y,R4
 008C 5A92              st -y,R5
 008E 8A93              st -y,R24
 0090 9A93              st -y,R25
 0092 AA93              st -y,R26
 0094 BA93              st -y,R27
 0096 2FB6              IN R2,63
 0098 2A92              st -y,R2
 009A                   .dbblock 44
 009A                   .dbline 45
 009A 81E0              ldi R24,1
 009C 90E0              ldi R25,0
 009E A0E0              ldi R26,0
 00A0 B0E0              ldi R27,0
 00A2 40900400          lds R4,_random_seed#m+2
 00A6 50900500          lds R5,_random_seed#m+2+1
 00AA 20900200          lds R2,_random_seed#m
 00AE 30900300          lds R3,_random_seed#m+1
 00B2 280E              add R2,R24
 00B4 391E              adc R3,R25
 00B6 4A1E              adc R4,R26
 00B8 5B1E              adc R5,R27
 00BA 30920300          sts _random_seed#m+1,R3
 00BE 20920200          sts _random_seed#m,R2
 00C2 50920500          sts _random_seed#m+2+1,R5
 00C6 40920400          sts _random_seed#m+2,R4
 00CA                   .dbline 46
 00CA 84EF              ldi R24,244
 00CC 91E0              ldi R25,1
 00CE A0E0              ldi R26,0
 00D0 B0E0              ldi R27,0
 00D2 8215              cp R24,R2
 00D4 9305              cpc R25,R3
 00D6 A405              cpc R26,R4
 00D8 B505              cpc R27,R5
 00DA C0F4              brsh L7
 00DC           X0:
 00DC                   .dbline 46
 00DC 81E0              ldi R24,1
 00DE 90E0              ldi R25,0
 00E0 A0E0              ldi R26,0
 00E2 B0E0              ldi R27,0
 00E4 40900800          lds R4,_n#m+2
 00E8 50900900          lds R5,_n#m+2+1
 00EC 20900600          lds R2,_n#m
 00F0 30900700          lds R3,_n#m+1
 00F4 280E              add R2,R24
 00F6 391E              adc R3,R25
 00F8 4A1E              adc R4,R26
 00FA 5B1E              adc R5,R27
 00FC 30920700          sts _n#m+1,R3
 0100 20920600          sts _n#m,R2
 0104 50920900          sts _n#m+2+1,R5
 0108 40920800          sts _n#m+2,R4
 010C           L7:
 010C                   .dbblkend 47
 010C           L6:
 010C 2990              ld R2,y+
 010E 2FBE              OUT 63,R2
 0110 B991              ld R27,y+
 0112 A991              ld R26,y+
 0114 9991              ld R25,y+
 0116 8991              ld R24,y+
 0118 5990              ld R5,y+
 011A 4990              ld R4,y+
 011C 3990              ld R3,y+
 011E 2990              ld R2,y+
 0120           	.nocc_end
 0120 1895              reti
 0122                   .dbfuncend
 0122                   .dbstacksize 7
 0122                   .dbfunc e get_random _get_random#Fii fI 49
 0122           ;            max -> R10,R11
                        .even
 0122           _get_random#Fii::
 0122 AA92              st -y,R10
 0124 BA92              st -y,R11
 0126 5801              movw R10,R16
 0128                   .dbblock 49
 0128                   .dbline 49
 0128 1501              movw R2,R10
 012A 4424              clr R4
 012C 37FC              sbrc R3,7
 012E 4094              com R4
 0130 5524              clr R5
 0132 47FC              sbrc R4,7
 0134 5094              com R5
 0136 20910800          lds R18,_n#m+2
 013A 30910900          lds R19,_n#m+2+1
 013E 00910600          lds R16,_n#m
 0142 10910700          lds R17,_n#m+1
 0146 5A92              st -y,R5
 0148 4A92              st -y,R4
 014A 3A92              st -y,R3
 014C 2A92              st -y,R2
 014E 0E940000          xcall mod32u
 0152                   .dbblkend 49
 0152           L9:
 0152 B990              ld R11,y+
 0154 A990              ld R10,y+
 0156 0895              ret
 0158                   .dbfuncend
 0158                   .dbsym r max 10 I
 0158                   .dbstacksize -2
